2023-08-21 15:06:45,077 /Users/xedhjo/Documents/Projects/AirSeaFluxCode-master/AirSeaFluxCode/src/flux_subs.py:534: RuntimeWarning: invalid value encountered in power
  xtmp = np.power(1-alpha*zol, beta)

2023-08-21 15:06:45,081 /Users/xedhjo/Documents/Projects/AirSeaFluxCode-master/AirSeaFluxCode/src/flux_subs.py:420: RuntimeWarning: invalid value encountered in power
  xtmp = np.power(1-alpha*zol, beta)

2023-08-21 15:06:45,083 /Users/xedhjo/Documents/Projects/AirSeaFluxCode-master/AirSeaFluxCode/src/flux_subs.py:709: RuntimeWarning: invalid value encountered in log
  hol0 <= -1.574, wind*kappa/(np.log(-1.574*monob/zo) -

2023-08-21 15:06:45,083 /Users/xedhjo/Documents/Projects/AirSeaFluxCode-master/AirSeaFluxCode/src/flux_subs.py:712: RuntimeWarning: invalid value encountered in power
  1.14*(np.power(-hin[0]/monob, 1/3) -

2023-08-21 15:06:45,083 /Users/xedhjo/Documents/Projects/AirSeaFluxCode-master/AirSeaFluxCode/src/flux_subs.py:716: RuntimeWarning: invalid value encountered in log
  hol0 > 1, wind*kappa/(np.log(monob/zo)+5-5*zo/monob +

2023-08-21 15:06:45,083 /Users/xedhjo/Documents/Projects/AirSeaFluxCode-master/AirSeaFluxCode/src/flux_subs.py:717: RuntimeWarning: invalid value encountered in log
  5*np.log(hin[0]/monob)+hin[0]/monob-1), usr)

2023-08-21 15:06:45,084 /Users/xedhjo/Documents/Projects/AirSeaFluxCode-master/AirSeaFluxCode/src/flux_subs.py:723: RuntimeWarning: invalid value encountered in log
  hol1 < -0.465, kappa*dt/(np.log((-0.465*monob)/zot) -

2023-08-21 15:06:45,084 /Users/xedhjo/Documents/Projects/AirSeaFluxCode-master/AirSeaFluxCode/src/flux_subs.py:726: RuntimeWarning: invalid value encountered in power
  np.power(-hin[1]/monob, -1/3))), tsr)

2023-08-21 15:06:45,084 /Users/xedhjo/Documents/Projects/AirSeaFluxCode-master/AirSeaFluxCode/src/flux_subs.py:729: RuntimeWarning: invalid value encountered in log
  hol1 > 1, kappa*(dt)/(np.log(monob/zot)+5-5*zot/monob +

2023-08-21 15:06:45,084 /Users/xedhjo/Documents/Projects/AirSeaFluxCode-master/AirSeaFluxCode/src/flux_subs.py:730: RuntimeWarning: invalid value encountered in log
  5*np.log(hin[1]/monob)+hin[1]/monob-1), tsr)

2023-08-21 15:06:45,084 /Users/xedhjo/Documents/Projects/AirSeaFluxCode-master/AirSeaFluxCode/src/flux_subs.py:736: RuntimeWarning: invalid value encountered in log
  hol2 < -0.465, kappa*dq/(np.log((-0.465*monob)/zoq) -

2023-08-21 15:06:45,084 /Users/xedhjo/Documents/Projects/AirSeaFluxCode-master/AirSeaFluxCode/src/flux_subs.py:740: RuntimeWarning: invalid value encountered in power
  np.power(-hin[2]/monob, -1/3))), qsr)

2023-08-21 15:06:45,084 /Users/xedhjo/Documents/Projects/AirSeaFluxCode-master/AirSeaFluxCode/src/flux_subs.py:742: RuntimeWarning: invalid value encountered in log
  qsr = np.where(hol2 > 1, kappa*dq/(np.log(monob/zoq)+5-5*zoq/monob +

2023-08-21 15:06:45,084 /Users/xedhjo/Documents/Projects/AirSeaFluxCode-master/AirSeaFluxCode/src/flux_subs.py:743: RuntimeWarning: invalid value encountered in log
  5*np.log(hin[2]/monob) +

2023-08-21 15:06:45,086 method UA | dter = 0.0 | dqer = 0.0 | tkt = 0.0 | Rnl = 0.0 | usr = 0.223 | tsr = -0.0972 | qsr = -0.000175
2023-08-21 15:06:45,088 /Users/xedhjo/Documents/Projects/AirSeaFluxCode-master/AirSeaFluxCode/src/flux_subs.py:593: RuntimeWarning: invalid value encountered in power
  ug = np.where(Bf > 0, np.maximum(beta*np.power(Bf*zi, 1/3), ustb), ustb)

2023-08-21 15:06:45,095 method UA | dter = 0.0 | dqer = 0.0 | tkt = 0.0 | Rnl = 0.0 | usr = 0.227 | tsr = -0.0967 | qsr = -0.0001738
2023-08-21 15:06:45,104 method UA | dter = 0.0 | dqer = 0.0 | tkt = 0.0 | Rnl = 0.0 | usr = 0.228 | tsr = -0.0963 | qsr = -0.0001733
2023-08-21 15:06:45,112 method UA | dter = 0.0 | dqer = 0.0 | tkt = 0.0 | Rnl = 0.0 | usr = 0.228 | tsr = -0.0963 | qsr = -0.0001732
2023-08-21 15:06:45,116 method UA | dter = 0.0 | dqer = 0.0 | tkt = 0.0 | Rnl = 0.0 | usr = 0.228 | tsr = -0.0963 | qsr = -0.0001732
2023-08-21 15:06:45,118 method UA | dter = 0.0 | dqer = 0.0 | tkt = 0.0 | Rnl = 0.0 | usr = 0.228 | tsr = -0.0963 | qsr = -0.0001732
2023-08-21 15:06:45,119 method UA | dter = 0.0 | dqer = 0.0 | tkt = 0.0 | Rnl = 0.0 | usr = 0.228 | tsr = -0.0963 | qsr = -0.0001732
2023-08-21 15:06:45,121 method UA | dter = 0.0 | dqer = 0.0 | tkt = 0.0 | Rnl = 0.0 | usr = 0.228 | tsr = -0.0963 | qsr = -0.0001732
2023-08-21 15:06:45,123 method UA | dter = 0.0 | dqer = 0.0 | tkt = 0.0 | Rnl = 0.0 | usr = 0.228 | tsr = -0.0963 | qsr = -0.0001732
2023-08-21 15:06:45,124 method UA | dter = 0.0 | dqer = 0.0 | tkt = 0.0 | Rnl = 0.0 | usr = 0.228 | tsr = -0.0963 | qsr = -0.0001732
2023-08-21 15:06:45,126 method UA | dter = 0.0 | dqer = 0.0 | tkt = 0.0 | Rnl = 0.0 | usr = 0.228 | tsr = -0.0963 | qsr = -0.0001732
2023-08-21 15:06:45,127 method UA | dter = 0.0 | dqer = 0.0 | tkt = 0.0 | Rnl = 0.0 | usr = 0.228 | tsr = -0.0963 | qsr = -0.0001732
2023-08-21 15:06:45,128 method UA | dter = 0.0 | dqer = 0.0 | tkt = 0.0 | Rnl = 0.0 | usr = 0.228 | tsr = -0.0963 | qsr = -0.0001732
2023-08-21 15:06:45,130 method UA | dter = 0.0 | dqer = 0.0 | tkt = 0.0 | Rnl = 0.0 | usr = 0.228 | tsr = -0.0963 | qsr = -0.0001732
2023-08-21 15:06:45,131 method UA | dter = 0.0 | dqer = 0.0 | tkt = 0.0 | Rnl = 0.0 | usr = 0.228 | tsr = -0.0963 | qsr = -0.0001732
2023-08-21 15:06:45,133 method UA | dter = 0.0 | dqer = 0.0 | tkt = 0.0 | Rnl = 0.0 | usr = 0.228 | tsr = -0.0963 | qsr = -0.0001732
2023-08-21 15:06:45,134 method UA | dter = 0.0 | dqer = 0.0 | tkt = 0.0 | Rnl = 0.0 | usr = 0.228 | tsr = -0.0963 | qsr = -0.0001732
2023-08-21 15:06:45,136 method UA | dter = 0.0 | dqer = 0.0 | tkt = 0.0 | Rnl = 0.0 | usr = 0.228 | tsr = -0.0963 | qsr = -0.0001732
2023-08-21 15:06:45,137 method UA | dter = 0.0 | dqer = 0.0 | tkt = 0.0 | Rnl = 0.0 | usr = 0.228 | tsr = -0.0963 | qsr = -0.0001732
2023-08-21 15:06:45,137 method UA | # of iterations:19
2023-08-21 15:06:45,137 method UA | # of points that did not converge :0 

2023-08-21 15:14:17,376 /Users/xedhjo/Documents/Projects/AirSeaFluxCode-master/AirSeaFluxCode/src/flux_subs.py:390: RuntimeWarning: invalid value encountered in power
  psi = -1*((1+b*zol)**1.5+b*(zol-14.28)*np.exp(-dzol)+8.525)

2023-08-21 15:14:17,381 method C35 | dter = 0.0 | dqer = 0.0 | tkt = 0.0 | Rnl = 0.0 | usr = 0.201 | tsr = -0.1005 | qsr = -0.0001773
2023-08-21 15:14:17,384 /Users/xedhjo/Documents/Projects/AirSeaFluxCode-master/AirSeaFluxCode/src/flux_subs.py:593: RuntimeWarning: invalid value encountered in power
  ug = np.where(Bf > 0, np.maximum(beta*np.power(Bf*zi, 1/3), ustb), ustb)

2023-08-21 15:14:17,392 method C35 | dter = 0.0 | dqer = 0.0 | tkt = 0.0 | Rnl = 0.0 | usr = 0.21 | tsr = -0.0987 | qsr = -0.0001737
2023-08-21 15:14:17,403 method C35 | dter = 0.0 | dqer = 0.0 | tkt = 0.0 | Rnl = 0.0 | usr = 0.211 | tsr = -0.0978 | qsr = -0.000172
2023-08-21 15:14:17,413 method C35 | dter = 0.0 | dqer = 0.0 | tkt = 0.0 | Rnl = 0.0 | usr = 0.211 | tsr = -0.0976 | qsr = -0.0001716
2023-08-21 15:14:17,420 method C35 | dter = 0.0 | dqer = 0.0 | tkt = 0.0 | Rnl = 0.0 | usr = 0.211 | tsr = -0.0975 | qsr = -0.0001715
2023-08-21 15:14:17,424 method C35 | dter = 0.0 | dqer = 0.0 | tkt = 0.0 | Rnl = 0.0 | usr = 0.211 | tsr = -0.0975 | qsr = -0.0001715
2023-08-21 15:14:17,425 method C35 | dter = 0.0 | dqer = 0.0 | tkt = 0.0 | Rnl = 0.0 | usr = 0.211 | tsr = -0.0975 | qsr = -0.0001715
2023-08-21 15:14:17,427 method C35 | dter = 0.0 | dqer = 0.0 | tkt = 0.0 | Rnl = 0.0 | usr = 0.211 | tsr = -0.0975 | qsr = -0.0001715
2023-08-21 15:14:17,427 method C35 | # of iterations:8
2023-08-21 15:14:17,427 method C35 | # of points that did not converge :0 

2023-08-22 13:50:42,944 /Users/xedhjo/Documents/Projects/AirSeaFluxCode-master/AirSeaFluxCode/src/flux_subs.py:390: RuntimeWarning: invalid value encountered in power
  psi = -1*((1+b*zol)**1.5+b*(zol-14.28)*np.exp(-dzol)+8.525)

2023-08-22 13:50:42,949 method C35 | dter = 0.0 | dqer = 0.0 | tkt = 0.0 | Rnl = 0.0 | usr = 0.201 | tsr = -0.1005 | qsr = -0.0001773
2023-08-22 13:50:42,952 /Users/xedhjo/Documents/Projects/AirSeaFluxCode-master/AirSeaFluxCode/src/flux_subs.py:593: RuntimeWarning: invalid value encountered in power
  ug = np.where(Bf > 0, np.maximum(beta*np.power(Bf*zi, 1/3), ustb), ustb)

2023-08-22 13:50:42,960 method C35 | dter = 0.0 | dqer = 0.0 | tkt = 0.0 | Rnl = 0.0 | usr = 0.21 | tsr = -0.0987 | qsr = -0.0001737
2023-08-22 13:50:42,969 method C35 | dter = 0.0 | dqer = 0.0 | tkt = 0.0 | Rnl = 0.0 | usr = 0.211 | tsr = -0.0978 | qsr = -0.000172
2023-08-22 13:50:42,978 method C35 | dter = 0.0 | dqer = 0.0 | tkt = 0.0 | Rnl = 0.0 | usr = 0.211 | tsr = -0.0976 | qsr = -0.0001716
2023-08-22 13:50:42,984 method C35 | dter = 0.0 | dqer = 0.0 | tkt = 0.0 | Rnl = 0.0 | usr = 0.211 | tsr = -0.0975 | qsr = -0.0001715
2023-08-22 13:50:42,987 method C35 | dter = 0.0 | dqer = 0.0 | tkt = 0.0 | Rnl = 0.0 | usr = 0.211 | tsr = -0.0975 | qsr = -0.0001715
2023-08-22 13:50:42,989 method C35 | dter = 0.0 | dqer = 0.0 | tkt = 0.0 | Rnl = 0.0 | usr = 0.211 | tsr = -0.0975 | qsr = -0.0001715
2023-08-22 13:50:42,990 method C35 | dter = 0.0 | dqer = 0.0 | tkt = 0.0 | Rnl = 0.0 | usr = 0.211 | tsr = -0.0975 | qsr = -0.0001715
2023-08-22 13:50:42,990 method C35 | # of iterations:8
2023-08-22 13:50:42,990 method C35 | # of points that did not converge :0 

